0 info it worked if it ends with ok
1 verbose cli [ '/usr/bin/node', '/usr/bin/npm', 'install' ]
2 info using npm@3.5.2
3 info using node@v8.10.0
4 silly loadCurrentTree Starting
5 silly install loadCurrentTree
6 silly install readLocalPackageData
7 silly install normalizeTree
8 silly loadCurrentTree Finishing
9 silly loadIdealTree Starting
10 silly install loadIdealTree
11 silly cloneCurrentTree Starting
12 silly install cloneCurrentTreeToIdealTree
13 silly cloneCurrentTree Finishing
14 silly loadShrinkwrap Starting
15 silly install loadShrinkwrap
16 silly loadShrinkwrap Finishing
17 silly loadAllDepsIntoIdealTree Starting
18 silly install loadAllDepsIntoIdealTree
19 silly fetchNamedPackageData @prettier/plugin-ruby
20 silly mapToRegistry name @prettier/plugin-ruby
21 silly mapToRegistry scope (from package name) @prettier
22 verbose mapToRegistry no registry URL found in name for scope @prettier
23 silly mapToRegistry using default registry
24 silly mapToRegistry registry https://registry.npmjs.org/
25 silly mapToRegistry uri https://registry.npmjs.org/@prettier%2fplugin-ruby
26 verbose request uri https://registry.npmjs.org/@prettier%2fplugin-ruby
27 verbose request no auth needed
28 info attempt registry request try #1 at 12:26:47 AM
29 verbose request id 2a63341f7a3da4fe
30 http request GET https://registry.npmjs.org/@prettier%2fplugin-ruby
31 http 200 https://registry.npmjs.org/@prettier%2fplugin-ruby
32 verbose headers { date: 'Mon, 02 Dec 2019 15:26:50 GMT',
32 verbose headers   'content-type': 'application/json',
32 verbose headers   'transfer-encoding': 'chunked',
32 verbose headers   connection: 'keep-alive',
32 verbose headers   'set-cookie':
32 verbose headers    [ '__cfduid=dc4ceb03beff59735a92f52a2bfd2fed51575300408; expires=Wed, 01-Jan-20 15:26:48 GMT; path=/; domain=.npmjs.org; HttpOnly' ],
32 verbose headers   'cf-ray': '53ee524258daefb2-NRT',
32 verbose headers   'cf-cache-status': 'MISS',
32 verbose headers   'cache-control': 'max-age=300',
32 verbose headers   etag: 'W/"3f4dd7db9bf58aa38a0fb7e57d3ddfaa"',
32 verbose headers   'last-modified': 'Thu, 14 Nov 2019 14:43:19 GMT',
32 verbose headers   vary: 'accept-encoding, accept',
32 verbose headers   'expect-ct': 'max-age=604800, report-uri="https://report-uri.cloudflare.com/cdn-cgi/beacon/expect-ct"',
32 verbose headers   server: 'cloudflare',
32 verbose headers   'content-encoding': 'gzip' }
33 silly get cb [ 200,
33 silly get   { date: 'Mon, 02 Dec 2019 15:26:50 GMT',
33 silly get     'content-type': 'application/json',
33 silly get     'transfer-encoding': 'chunked',
33 silly get     connection: 'keep-alive',
33 silly get     'set-cookie':
33 silly get      [ '__cfduid=dc4ceb03beff59735a92f52a2bfd2fed51575300408; expires=Wed, 01-Jan-20 15:26:48 GMT; path=/; domain=.npmjs.org; HttpOnly' ],
33 silly get     'cf-ray': '53ee524258daefb2-NRT',
33 silly get     'cf-cache-status': 'MISS',
33 silly get     'cache-control': 'max-age=300',
33 silly get     etag: 'W/"3f4dd7db9bf58aa38a0fb7e57d3ddfaa"',
33 silly get     'last-modified': 'Thu, 14 Nov 2019 14:43:19 GMT',
33 silly get     vary: 'accept-encoding, accept',
33 silly get     'expect-ct': 'max-age=604800, report-uri="https://report-uri.cloudflare.com/cdn-cgi/beacon/expect-ct"',
33 silly get     server: 'cloudflare',
33 silly get     'content-encoding': 'gzip' } ]
34 verbose get saving @prettier/plugin-ruby to /home/yushi/.npm/registry.npmjs.org/_40prettier_252fplugin-ruby/.cache.json
35 silly resolveWithNewModule @prettier/plugin-ruby@0.16.0 checking installable status
36 silly cache add args [ '@prettier/plugin-ruby@^0.16.0', null ]
37 verbose cache add spec @prettier/plugin-ruby@^0.16.0
38 silly cache add parsed spec Result {
38 silly cache add   raw: '@prettier/plugin-ruby@^0.16.0',
38 silly cache add   scope: '@prettier',
38 silly cache add   name: '@prettier/plugin-ruby',
38 silly cache add   rawSpec: '^0.16.0',
38 silly cache add   spec: '>=0.16.0 <0.17.0',
38 silly cache add   type: 'range' }
39 silly addNamed @prettier/plugin-ruby@>=0.16.0 <0.17.0
40 verbose addNamed ">=0.16.0 <0.17.0" is a valid semver range for @prettier/plugin-ruby
41 silly addNameRange { name: '@prettier/plugin-ruby',
41 silly addNameRange   range: '>=0.16.0 <0.17.0',
41 silly addNameRange   hasData: false }
42 silly mapToRegistry name @prettier/plugin-ruby
43 silly mapToRegistry scope (from package name) @prettier
44 verbose mapToRegistry no registry URL found in name for scope @prettier
45 silly mapToRegistry using default registry
46 silly mapToRegistry registry https://registry.npmjs.org/
47 silly mapToRegistry uri https://registry.npmjs.org/@prettier%2fplugin-ruby
48 verbose addNameRange registry:https://registry.npmjs.org/@prettier%2fplugin-ruby not in flight; fetching
49 verbose get https://registry.npmjs.org/@prettier%2fplugin-ruby not expired, no request
50 silly addNameRange number 2 { name: '@prettier/plugin-ruby',
50 silly addNameRange   range: '>=0.16.0 <0.17.0',
50 silly addNameRange   hasData: true }
51 silly addNameRange versions [ '@prettier/plugin-ruby',
51 silly addNameRange   [ '0.3.2',
51 silly addNameRange     '0.3.3',
51 silly addNameRange     '0.3.4',
51 silly addNameRange     '0.3.5',
51 silly addNameRange     '0.3.6',
51 silly addNameRange     '0.3.7',
51 silly addNameRange     '0.4.0',
51 silly addNameRange     '0.4.1',
51 silly addNameRange     '0.5.0',
51 silly addNameRange     '0.5.1',
51 silly addNameRange     '0.6.0',
51 silly addNameRange     '0.6.1',
51 silly addNameRange     '0.6.2',
51 silly addNameRange     '0.6.3',
51 silly addNameRange     '0.7.0',
51 silly addNameRange     '0.8.0',
51 silly addNameRange     '0.9.0',
51 silly addNameRange     '0.9.1',
51 silly addNameRange     '0.10.0',
51 silly addNameRange     '0.11.0',
51 silly addNameRange     '0.12.0',
51 silly addNameRange     '0.12.1',
51 silly addNameRange     '0.12.2',
51 silly addNameRange     '0.12.3',
51 silly addNameRange     '0.13.0',
51 silly addNameRange     '0.14.0',
51 silly addNameRange     '0.15.0',
51 silly addNameRange     '0.15.1',
51 silly addNameRange     '0.16.0' ] ]
52 silly addNamed @prettier/plugin-ruby@0.16.0
53 verbose addNamed "0.16.0" is a plain semver version for @prettier/plugin-ruby
54 silly mapToRegistry name @prettier/plugin-ruby
55 silly mapToRegistry scope (from package name) @prettier
56 verbose mapToRegistry no registry URL found in name for scope @prettier
57 silly mapToRegistry using default registry
58 silly mapToRegistry registry https://registry.npmjs.org/
59 silly mapToRegistry uri https://registry.npmjs.org/@prettier%2fplugin-ruby
60 verbose addRemoteTarball https://registry.npmjs.org/@prettier/plugin-ruby/-/plugin-ruby-0.16.0.tgz not in flight; adding
61 verbose addRemoteTarball [ 'https://registry.npmjs.org/@prettier/plugin-ruby/-/plugin-ruby-0.16.0.tgz',
61 verbose addRemoteTarball   '386cf4af82e297b0d61ec1e1205b1823811ff908' ]
62 info retry fetch attempt 1 at 12:26:49 AM
63 info attempt registry request try #1 at 12:26:49 AM
64 http fetch GET https://registry.npmjs.org/@prettier/plugin-ruby/-/plugin-ruby-0.16.0.tgz
65 http fetch 200 https://registry.npmjs.org/@prettier/plugin-ruby/-/plugin-ruby-0.16.0.tgz
66 silly fetchAndShaCheck shasum 386cf4af82e297b0d61ec1e1205b1823811ff908
67 verbose addTmpTarball /tmp/npm-1667-8470d6ce/registry.npmjs.org/_40prettier/plugin-ruby/-/plugin-ruby-0.16.0.tgz not in flight; adding
68 verbose addTmpTarball already have metadata; skipping unpack for @prettier/plugin-ruby@0.16.0
69 silly cache afterAdd @prettier/plugin-ruby@0.16.0
70 verbose afterAdd /home/yushi/.npm/@prettier/plugin-ruby/0.16.0/package/package.json not in flight; writing
71 verbose afterAdd /home/yushi/.npm/@prettier/plugin-ruby/0.16.0/package/package.json written
72 silly loadAllDepsIntoIdealTree Finishing
73 silly idealTree:prePrune sample_app@
73 silly idealTree:prePrune ├── @prettier/plugin-ruby@0.16.0
73 silly idealTree:prePrune └── prettier@1.19.1
74 silly loadIdealTree Finishing
75 silly currentTree sample_app@
75 silly currentTree ├── @prettier/plugin-ruby
75 silly currentTree └── prettier@1.19.1
76 silly idealTree sample_app@
76 silly idealTree ├── @prettier/plugin-ruby@0.16.0
76 silly idealTree └── prettier@1.19.1
77 silly generateActionsToTake Starting
78 silly install generateActionsToTake
79 silly generateActionsToTake Finishing
80 silly diffTrees action count 1
81 silly diffTrees update @prettier/plugin-ruby@0.16.0
82 silly decomposeActions action count 8
83 silly decomposeActions fetch @prettier/plugin-ruby@0.16.0
84 silly decomposeActions extract @prettier/plugin-ruby@0.16.0
85 silly decomposeActions test @prettier/plugin-ruby@0.16.0
86 silly decomposeActions preinstall @prettier/plugin-ruby@0.16.0
87 silly decomposeActions build @prettier/plugin-ruby@0.16.0
88 silly decomposeActions install @prettier/plugin-ruby@0.16.0
89 silly decomposeActions postinstall @prettier/plugin-ruby@0.16.0
90 silly decomposeActions finalize @prettier/plugin-ruby@0.16.0
91 silly executeActions Starting
92 silly install executeActions
93 silly doSerial global-install 0
94 silly doParallel fetch 1
95 verbose lock using /home/yushi/.npm/_locks/staging-f7b07b0b2e025a34.lock for /mnt/c/Users/yushi/src/sample_app/node_modules/.staging
96 silly doParallel extract 1
97 silly extract @prettier/plugin-ruby@0.16.0
98 verbose unbuild node_modules/.staging/@prettier/plugin-ruby-93c61d34
99 silly gentlyRm /mnt/c/Users/yushi/src/sample_app/node_modules/.staging/@prettier/plugin-ruby-93c61d34 is being purged from base /mnt/c/Users/yushi/src/sample_app
100 verbose gentlyRm don't care about contents; nuking /mnt/c/Users/yushi/src/sample_app/node_modules/.staging/@prettier/plugin-ruby-93c61d34
101 verbose tar unpack /home/yushi/.npm/@prettier/plugin-ruby/0.16.0/package.tgz
102 verbose tar unpacking to /mnt/c/Users/yushi/src/sample_app/node_modules/.staging/@prettier/plugin-ruby-93c61d34
103 silly gentlyRm /mnt/c/Users/yushi/src/sample_app/node_modules/.staging/@prettier/plugin-ruby-93c61d34 is being purged
104 verbose gentlyRm don't care about contents; nuking /mnt/c/Users/yushi/src/sample_app/node_modules/.staging/@prettier/plugin-ruby-93c61d34
105 silly gunzTarPerm modes [ '777', '666' ]
106 silly gunzTarPerm extractEntry .all-contributorsrc
107 silly gunzTarPerm modified mode [ '.all-contributorsrc', 420, 438 ]
108 silly gunzTarPerm extractEntry .eslintcache
109 silly gunzTarPerm modified mode [ '.eslintcache', 420, 438 ]
110 silly gunzTarPerm extractEntry .eslintignore
111 silly gunzTarPerm modified mode [ '.eslintignore', 420, 438 ]
112 silly gunzTarPerm extractEntry .prettierignore
113 silly gunzTarPerm modified mode [ '.prettierignore', 420, 438 ]
114 silly gunzTarPerm extractEntry bin/ci-install
115 silly gunzTarPerm modified mode [ 'bin/ci-install', 493, 511 ]
116 silly gunzTarPerm extractEntry bin/console
117 silly gunzTarPerm modified mode [ 'bin/console', 493, 511 ]
118 silly gunzTarPerm extractEntry bin/has-pragma
119 silly gunzTarPerm modified mode [ 'bin/has-pragma', 493, 511 ]
120 silly gunzTarPerm extractEntry bin/lex
121 silly gunzTarPerm modified mode [ 'bin/lex', 493, 511 ]
122 silly gunzTarPerm extractEntry LICENSE
123 silly gunzTarPerm modified mode [ 'LICENSE', 420, 438 ]
124 silly gunzTarPerm extractEntry bin/print
125 silly gunzTarPerm modified mode [ 'bin/print', 493, 511 ]
126 silly gunzTarPerm extractEntry bin/sexp
127 silly gunzTarPerm modified mode [ 'bin/sexp', 493, 511 ]
128 silly gunzTarPerm extractEntry prettier.gemspec
129 silly gunzTarPerm modified mode [ 'prettier.gemspec', 420, 438 ]
130 silly gunzTarPerm extractEntry src/nodes/alias.js
131 silly gunzTarPerm modified mode [ 'src/nodes/alias.js', 420, 438 ]
132 silly gunzTarPerm extractEntry src/nodes/args.js
133 silly gunzTarPerm modified mode [ 'src/nodes/args.js', 420, 438 ]
134 silly gunzTarPerm extractEntry src/nodes/arrays.js
135 silly gunzTarPerm modified mode [ 'src/nodes/arrays.js', 420, 438 ]
136 silly gunzTarPerm extractEntry src/nodes/assign.js
137 silly gunzTarPerm modified mode [ 'src/nodes/assign.js', 420, 438 ]
138 silly gunzTarPerm extractEntry src/nodes/blocks.js
139 silly gunzTarPerm modified mode [ 'src/nodes/blocks.js', 420, 438 ]
140 silly gunzTarPerm extractEntry src/nodes/calls.js
141 silly gunzTarPerm modified mode [ 'src/nodes/calls.js', 420, 438 ]
142 silly gunzTarPerm extractEntry src/nodes/case.js
143 silly gunzTarPerm modified mode [ 'src/nodes/case.js', 420, 438 ]
144 silly gunzTarPerm extractEntry src/nodes/commands.js
145 silly gunzTarPerm modified mode [ 'src/nodes/commands.js', 420, 438 ]
146 silly gunzTarPerm extractEntry src/haml/nodes/comment.js
147 silly gunzTarPerm modified mode [ 'src/haml/nodes/comment.js', 420, 438 ]
148 silly gunzTarPerm extractEntry src/nodes/conditionals.js
149 silly gunzTarPerm modified mode [ 'src/nodes/conditionals.js', 420, 438 ]
150 silly gunzTarPerm extractEntry src/nodes/constants.js
151 silly gunzTarPerm modified mode [ 'src/nodes/constants.js', 420, 438 ]
152 silly gunzTarPerm extractEntry src/haml/nodes/doctype.js
153 silly gunzTarPerm modified mode [ 'src/haml/nodes/doctype.js', 420, 438 ]
154 silly gunzTarPerm extractEntry src/haml/embed.js
155 silly gunzTarPerm modified mode [ 'src/haml/embed.js', 420, 438 ]
156 silly gunzTarPerm extractEntry src/escapePattern.js
157 silly gunzTarPerm modified mode [ 'src/escapePattern.js', 420, 438 ]
158 silly gunzTarPerm extractEntry src/haml/nodes/filter.js
159 silly gunzTarPerm modified mode [ 'src/haml/nodes/filter.js', 420, 438 ]
160 silly gunzTarPerm extractEntry src/nodes/flow.js
161 silly gunzTarPerm modified mode [ 'src/nodes/flow.js', 420, 438 ]
162 silly gunzTarPerm extractEntry src/haml.js
163 silly gunzTarPerm modified mode [ 'src/haml.js', 420, 438 ]
164 silly gunzTarPerm extractEntry src/haml/nodes/hamlComment.js
165 silly gunzTarPerm modified mode [ 'src/haml/nodes/hamlComment.js', 420, 438 ]
166 silly gunzTarPerm extractEntry src/nodes/hashes.js
167 silly gunzTarPerm modified mode [ 'src/nodes/hashes.js', 420, 438 ]
168 silly gunzTarPerm extractEntry src/nodes/hooks.js
169 silly gunzTarPerm modified mode [ 'src/nodes/hooks.js', 420, 438 ]
170 silly gunzTarPerm extractEntry src/nodes/ints.js
171 silly gunzTarPerm modified mode [ 'src/nodes/ints.js', 420, 438 ]
172 silly gunzTarPerm extractEntry src/nodes/lambdas.js
173 silly gunzTarPerm modified mode [ 'src/nodes/lambdas.js', 420, 438 ]
174 silly gunzTarPerm extractEntry src/nodes/loops.js
175 silly gunzTarPerm modified mode [ 'src/nodes/loops.js', 420, 438 ]
176 silly gunzTarPerm extractEntry src/nodes/massign.js
177 silly gunzTarPerm modified mode [ 'src/nodes/massign.js', 420, 438 ]
178 silly gunzTarPerm extractEntry src/nodes/methods.js
179 silly gunzTarPerm modified mode [ 'src/nodes/methods.js', 420, 438 ]
180 silly gunzTarPerm extractEntry src/nodes.js
181 silly gunzTarPerm modified mode [ 'src/nodes.js', 420, 438 ]
182 silly gunzTarPerm extractEntry src/nodes/operators.js
183 silly gunzTarPerm modified mode [ 'src/nodes/operators.js', 420, 438 ]
184 silly gunzTarPerm extractEntry src/nodes/params.js
185 silly gunzTarPerm modified mode [ 'src/nodes/params.js', 420, 438 ]
186 silly gunzTarPerm extractEntry src/haml/parse.js
187 silly gunzTarPerm modified mode [ 'src/haml/parse.js', 420, 438 ]
188 silly gunzTarPerm extractEntry src/parse.js
189 silly gunzTarPerm modified mode [ 'src/parse.js', 420, 438 ]
190 silly gunzTarPerm extractEntry src/nodes/patterns.js
191 silly gunzTarPerm modified mode [ 'src/nodes/patterns.js', 420, 438 ]
192 silly gunzTarPerm extractEntry src/prettier.js
193 silly gunzTarPerm modified mode [ 'src/prettier.js', 420, 438 ]
194 silly gunzTarPerm extractEntry src/haml/print.js
195 silly gunzTarPerm modified mode [ 'src/haml/print.js', 420, 438 ]
196 silly gunzTarPerm extractEntry src/print.js
197 silly gunzTarPerm modified mode [ 'src/print.js', 420, 438 ]
198 silly gunzTarPerm extractEntry src/nodes/regexp.js
199 silly gunzTarPerm modified mode [ 'src/nodes/regexp.js', 420, 438 ]
200 silly gunzTarPerm extractEntry src/nodes/rescue.js
201 silly gunzTarPerm modified mode [ 'src/nodes/rescue.js', 420, 438 ]
202 silly gunzTarPerm extractEntry src/nodes/return.js
203 silly gunzTarPerm modified mode [ 'src/nodes/return.js', 420, 438 ]
204 silly gunzTarPerm extractEntry src/ruby.js
205 silly gunzTarPerm modified mode [ 'src/ruby.js', 420, 438 ]
206 silly gunzTarPerm extractEntry src/nodes/scopes.js
207 silly gunzTarPerm modified mode [ 'src/nodes/scopes.js', 420, 438 ]
208 silly gunzTarPerm extractEntry src/haml/nodes/script.js
209 silly gunzTarPerm modified mode [ 'src/haml/nodes/script.js', 420, 438 ]
210 silly gunzTarPerm extractEntry src/haml/nodes/silentScript.js
211 silly gunzTarPerm modified mode [ 'src/haml/nodes/silentScript.js', 420, 438 ]
212 silly gunzTarPerm extractEntry src/nodes/statements.js
213 silly gunzTarPerm modified mode [ 'src/nodes/statements.js', 420, 438 ]
214 silly gunzTarPerm extractEntry src/nodes/strings.js
215 silly gunzTarPerm modified mode [ 'src/nodes/strings.js', 420, 438 ]
216 silly gunzTarPerm extractEntry src/haml/nodes/tag.js
217 silly gunzTarPerm modified mode [ 'src/haml/nodes/tag.js', 420, 438 ]
218 silly gunzTarPerm extractEntry src/toProc.js
219 silly gunzTarPerm modified mode [ 'src/toProc.js', 420, 438 ]
220 silly gunzTarPerm extractEntry src/utils.js
221 silly gunzTarPerm modified mode [ 'src/utils.js', 420, 438 ]
222 silly gunzTarPerm extractEntry .eslintrc.json
223 silly gunzTarPerm modified mode [ '.eslintrc.json', 420, 438 ]
224 silly gunzTarPerm extractEntry package.json
225 silly gunzTarPerm modified mode [ 'package.json', 420, 438 ]
226 silly gunzTarPerm extractEntry CHANGELOG.md
227 silly gunzTarPerm modified mode [ 'CHANGELOG.md', 420, 438 ]
228 silly gunzTarPerm extractEntry CODE_OF_CONDUCT.md
229 silly gunzTarPerm modified mode [ 'CODE_OF_CONDUCT.md', 420, 438 ]
230 silly gunzTarPerm extractEntry CONTRIBUTING.md
231 silly gunzTarPerm modified mode [ 'CONTRIBUTING.md', 420, 438 ]
232 silly gunzTarPerm extractEntry README.md
233 silly gunzTarPerm modified mode [ 'README.md', 420, 438 ]
234 silly gunzTarPerm extractEntry docs/logo.png
235 silly gunzTarPerm modified mode [ 'docs/logo.png', 420, 438 ]
236 silly gunzTarPerm extractEntry src/haml/parse.rb
237 silly gunzTarPerm modified mode [ 'src/haml/parse.rb', 493, 511 ]
238 silly gunzTarPerm extractEntry src/ripper.rb
239 silly gunzTarPerm modified mode [ 'src/ripper.rb', 493, 511 ]
240 silly gunzTarPerm extractEntry .travis.yml
241 silly gunzTarPerm modified mode [ '.travis.yml', 420, 438 ]
242 silly gentlyRm /mnt/c/Users/yushi/src/sample_app/node_modules/.staging/@prettier/plugin-ruby-93c61d34/node_modules is being purged
243 verbose gentlyRm don't care about contents; nuking /mnt/c/Users/yushi/src/sample_app/node_modules/.staging/@prettier/plugin-ruby-93c61d34/node_modules
244 silly doParallel preinstall 1
245 silly preinstall @prettier/plugin-ruby@0.16.0 /mnt/c/Users/yushi/src/sample_app/node_modules/.staging/@prettier/plugin-ruby-93c61d34
246 info lifecycle @prettier/plugin-ruby@0.16.0~preinstall: @prettier/plugin-ruby@0.16.0
247 silly lifecycle @prettier/plugin-ruby@0.16.0~preinstall: no script for preinstall, continuing
248 silly doReverseSerial remove 0
249 silly doSerial move 0
250 silly doSerial finalize 1
251 silly finalize /mnt/c/Users/yushi/src/sample_app/node_modules/@prettier/plugin-ruby
252 verbose unlock done using /home/yushi/.npm/_locks/staging-f7b07b0b2e025a34.lock for /mnt/c/Users/yushi/src/sample_app/node_modules/.staging
253 silly rollbackFailedOptional Starting
254 silly rollbackFailedOptional Finishing
255 silly runTopLevelLifecycles Starting
256 silly runTopLevelLifecycles Finishing
257 silly install printInstalled
258 verbose stack Error: EACCES: permission denied, rename '/mnt/c/Users/yushi/src/sample_app/node_modules/@prettier/plugin-ruby' -> '/mnt/c/Users/yushi/src/sample_app/node_modules/@prettier/.plugin-ruby.DELETE'
258 verbose stack     at moveAway (/usr/share/npm/lib/install/action/finalize.js:38:5)
258 verbose stack     at destStatted (/usr/share/npm/lib/install/action/finalize.js:27:7)
258 verbose stack     at FSReqWrap.oncomplete (fs.js:153:5)
258 verbose stack
258 verbose stack Error: EACCES: permission denied, rename '/mnt/c/Users/yushi/src/sample_app/node_modules/@prettier/plugin-ruby' -> '/mnt/c/Users/yushi/src/sample_app/node_modules/@prettier/.plugin-ruby.DELETE'
259 verbose cwd /mnt/c/Users/yushi/src/sample_app
260 error Linux 4.4.0-18362-Microsoft
261 error argv "/usr/bin/node" "/usr/bin/npm" "install"
262 error node v8.10.0
263 error npm  v3.5.2
264 error path /mnt/c/Users/yushi/src/sample_app/node_modules/@prettier/plugin-ruby
265 error code EACCES
266 error errno -13
267 error syscall rename
268 error Error: EACCES: permission denied, rename '/mnt/c/Users/yushi/src/sample_app/node_modules/@prettier/plugin-ruby' -> '/mnt/c/Users/yushi/src/sample_app/node_modules/@prettier/.plugin-ruby.DELETE'
268 error     at moveAway (/usr/share/npm/lib/install/action/finalize.js:38:5)
268 error     at destStatted (/usr/share/npm/lib/install/action/finalize.js:27:7)
268 error     at FSReqWrap.oncomplete (fs.js:153:5)
268 error
268 error Error: EACCES: permission denied, rename '/mnt/c/Users/yushi/src/sample_app/node_modules/@prettier/plugin-ruby' -> '/mnt/c/Users/yushi/src/sample_app/node_modules/@prettier/.plugin-ruby.DELETE'
268 error  { Error: EACCES: permission denied, rename '/mnt/c/Users/yushi/src/sample_app/node_modules/@prettier/plugin-ruby' -> '/mnt/c/Users/yushi/src/sample_app/node_modules/@prettier/.plugin-ruby.DELETE'
268 error     at moveAway (/usr/share/npm/lib/install/action/finalize.js:38:5)
268 error     at destStatted (/usr/share/npm/lib/install/action/finalize.js:27:7)
268 error     at FSReqWrap.oncomplete (fs.js:153:5)
268 error
268 error Error: EACCES: permission denied, rename '/mnt/c/Users/yushi/src/sample_app/node_modules/@prettier/plugin-ruby' -> '/mnt/c/Users/yushi/src/sample_app/node_modules/@prettier/.plugin-ruby.DELETE' parent: 'sample_app' }
269 error Please try running this command again as root/Administrator.
270 verbose exit [ -13, true ]
